<?xml version="1.0" encoding="UTF-8"?>
<!-- Generated by org.testng.reporters.JUnitReportReporter -->
<testsuite skipped="0" hostname="DESKTOP-1VQ11OL" name="test.AddCategoryTest" tests="3" failures="0" timestamp="2022-10-14T23:33:07 CDT" time="44.657" errors="0">
  <testcase name="userShouldBeAbleToAddCategory" time="23.318" classname="test.AddCategoryTest"/>
  <system-out/>
  <testcase name="userShouldNotBeAbleToAddDuplicate" time="2.456" classname="test.AddCategoryTest"/>
  <system-out/>
  <testcase name="dropDownShouldHaveAllMonths" time="18.883" classname="test.AddCategoryTest"/>
  <system-out/>
</testsuite> <!-- test.AddCategoryTest -->
