<?xml version="1.0" encoding="UTF-8"?>
<!-- Generated by org.testng.reporters.JUnitReportReporter -->
<testsuite hostname="DESKTOP-OJACDSE" failures="0" tests="3" name="test.AddCategoryTest" time="46.284" errors="0" timestamp="15 Oct 2022 16:40:09 GMT" skipped="0">
  <testcase classname="test.AddCategoryTest" name="userShouldBeAbleToAddCategory" time="10.686"/>
  <testcase classname="test.AddCategoryTest" name="userShouldNotBeAbleToAddDuplicate" time="18.049"/>
  <testcase classname="test.AddCategoryTest" name="dropDownShouldHaveAllMonths" time="17.549"/>
</testsuite> <!-- test.AddCategoryTest -->
